<?xml version="1.0" encoding="UTF-8"?>
<testng-results total="1" passed="0" failed="1" skipped="0">
  <reporter-output>
  </reporter-output>
  <suite started-at="2024-11-17T22:36:28Z" name="Default suite" finished-at="2024-11-17T22:36:40Z" duration-ms="11886">
    <groups>
    </groups>
    <test started-at="2024-11-17T22:36:28Z" name="Default test" finished-at="2024-11-17T22:36:40Z" duration-ms="11886">
      <class name="TestRunner.Tests">
        <test-method is-config="true" signature="setup()[pri:0, instance:TestRunner.Tests@be68757]" started-at="2024-11-18T04:06:28Z" name="setup" finished-at="2024-11-18T04:06:33Z" duration-ms="4579" status="PASS">
          <reporter-output>
          </reporter-output>
        </test-method> <!-- setup -->
        <test-method signature="automation_test()[pri:0, instance:TestRunner.Tests@be68757]" started-at="2024-11-18T04:06:33Z" name="automation_test" finished-at="2024-11-18T04:06:40Z" duration-ms="7292" status="FAIL">
          <exception class="java.lang.ClassCastException">
            <message>
              <![CDATA[class jdk.proxy2.$Proxy10 cannot be cast to class org.openqa.selenium.By (jdk.proxy2.$Proxy10 is in module jdk.proxy2 of loader 'app'; org.openqa.selenium.By is in unnamed module of loader 'app')]]>
            </message>
            <full-stacktrace>
              <![CDATA[java.lang.ClassCastException: class jdk.proxy2.$Proxy10 cannot be cast to class org.openqa.selenium.By (jdk.proxy2.$Proxy10 is in module jdk.proxy2 of loader 'app'; org.openqa.selenium.By is in unnamed module of loader 'app')
	at Functions.Employee_Selection.job_title_By_Text(Employee_Selection.java:92)
	at TestRunner.Tests.automation_test(Tests.java:42)
	at java.base/jdk.internal.reflect.DirectMethodHandleAccessor.invoke(DirectMethodHandleAccessor.java:103)
	at java.base/java.lang.reflect.Method.invoke(Method.java:580)
	at org.testng.internal.MethodInvocationHelper.invokeMethod(MethodInvocationHelper.java:86)
	at org.testng.internal.Invoker.invokeMethod(Invoker.java:643)
	at org.testng.internal.Invoker.invokeTestMethod(Invoker.java:820)
	at org.testng.internal.Invoker.invokeTestMethods(Invoker.java:1128)
	at org.testng.internal.TestMethodWorker.invokeTestMethods(TestMethodWorker.java:129)
	at org.testng.internal.TestMethodWorker.run(TestMethodWorker.java:112)
	at org.testng.TestRunner.privateRun(TestRunner.java:782)
	at org.testng.TestRunner.run(TestRunner.java:632)
	at org.testng.SuiteRunner.runTest(SuiteRunner.java:366)
	at org.testng.SuiteRunner.runSequentially(SuiteRunner.java:361)
	at org.testng.SuiteRunner.privateRun(SuiteRunner.java:319)
	at org.testng.SuiteRunner.run(SuiteRunner.java:268)
	at org.testng.SuiteRunnerWorker.runSuite(SuiteRunnerWorker.java:52)
	at org.testng.SuiteRunnerWorker.run(SuiteRunnerWorker.java:86)
	at org.testng.TestNG.runSuitesSequentially(TestNG.java:1244)
	at org.testng.TestNG.runSuitesLocally(TestNG.java:1169)
	at org.testng.TestNG.run(TestNG.java:1064)
	at org.testng.remote.AbstractRemoteTestNG.run(AbstractRemoteTestNG.java:115)
	at org.testng.remote.RemoteTestNG.initAndRun(RemoteTestNG.java:293)
	at org.testng.remote.RemoteTestNG.main(RemoteTestNG.java:91)
]]>
            </full-stacktrace>
          </exception> <!-- java.lang.ClassCastException -->
          <reporter-output>
          </reporter-output>
        </test-method> <!-- automation_test -->
      </class> <!-- TestRunner.Tests -->
    </test> <!-- Default test -->
  </suite> <!-- Default suite -->
</testng-results>
